# JRE version: OpenJDK Runtime Environment (8.0_212) (build 1.8.0_212-release-1586-b4-5784211)
# Java VM: OpenJDK 64-Bit Server VM (25.212-b4-5784211 mixed mode bsd-amd64 compressed oops)
Heap:
 PSYoungGen      total 163328K, used 148480K [0x00000007a0000000, 0x00000007aea80000, 0x00000007c0000000)
  eden space 148480K, 100% used [0x00000007a0000000,0x00000007a9100000,0x00000007a9100000)
  from space 14848K, 0% used [0x00000007a9f00000,0x00000007a9f00000,0x00000007aad80000)
  to   space 14336K, 58% used [0x00000007a9100000,0x00000007a993b300,0x00000007a9f00000)
 ParOldGen       total 167424K, used 16980K [0x0000000760000000, 0x000000076a380000, 0x00000007a0000000)
  object space 167424K, 10% used [0x0000000760000000,0x0000000761095048,0x000000076a380000)
 Metaspace       used 48259K, capacity 49492K, committed 49664K, reserved 1091584K
  class space    used 6469K, capacity 6792K, committed 6912K, reserved 1048576K
GC Heap History (10 events):
Event: 3.536 GC heap after
Heap after GC invocations=4 (full 1):
 PSYoungGen      total 76288K, used 0K [0x00000007a0000000, 0x00000007a9500000, 0x00000007c0000000)
  eden space 65536K, 0% used [0x00000007a0000000,0x00000007a0000000,0x00000007a4000000)
  from space 10752K, 0% used [0x00000007a4000000,0x00000007a4000000,0x00000007a4a80000)
  to   space 10752K, 0% used [0x00000007a8a80000,0x00000007a8a80000,0x00000007a9500000)
 ParOldGen       total 112640K, used 12304K [0x0000000760000000, 0x0000000766e00000, 0x00000007a0000000)
  object space 112640K, 10% used [0x0000000760000000,0x0000000760c041e8,0x0000000766e00000)
 Metaspace       used 20719K, capacity 21172K, committed 21296K, reserved 1067008K
  class space    used 3008K, capacity 3167K, committed 3200K, reserved 1048576K
}
Event: 4.505 GC heap before
{Heap before GC invocations=5 (full 1):
 PSYoungGen      total 76288K, used 65536K [0x00000007a0000000, 0x00000007a9500000, 0x00000007c0000000)
  eden space 65536K, 100% used [0x00000007a0000000,0x00000007a4000000,0x00000007a4000000)
  from space 10752K, 0% used [0x00000007a4000000,0x00000007a4000000,0x00000007a4a80000)
  to   space 10752K, 0% used [0x00000007a8a80000,0x00000007a8a80000,0x00000007a9500000)
 ParOldGen       total 112640K, used 12304K [0x0000000760000000, 0x0000000766e00000, 0x00000007a0000000)
  object space 112640K, 10% used [0x0000000760000000,0x0000000760c041e8,0x0000000766e00000)
 Metaspace       used 28112K, capacity 28668K, committed 28928K, reserved 1075200K
  class space    used 3854K, capacity 4041K, committed 4096K, reserved 1048576K
Event: 4.514 GC heap after
Heap after GC invocations=5 (full 1):
 PSYoungGen      total 104960K, used 6917K [0x00000007a0000000, 0x00000007a9180000, 0x00000007c0000000)
  eden space 97792K, 0% used [0x00000007a0000000,0x00000007a0000000,0x00000007a5f80000)
  from space 7168K, 96% used [0x00000007a8a80000,0x00000007a9141650,0x00000007a9180000)
  to   space 10752K, 0% used [0x00000007a7c80000,0x00000007a7c80000,0x00000007a8700000)
 ParOldGen       total 112640K, used 12312K [0x0000000760000000, 0x0000000766e00000, 0x00000007a0000000)
  object space 112640K, 10% used [0x0000000760000000,0x0000000760c061e8,0x0000000766e00000)
 Metaspace       used 28112K, capacity 28668K, committed 28928K, reserved 1075200K
  class space    used 3854K, capacity 4041K, committed 4096K, reserved 1048576K
}
Event: 5.378 GC heap before
{Heap before GC invocations=6 (full 1):
 PSYoungGen      total 104960K, used 104709K [0x00000007a0000000, 0x00000007a9180000, 0x00000007c0000000)
  eden space 97792K, 100% used [0x00000007a0000000,0x00000007a5f80000,0x00000007a5f80000)
  from space 7168K, 96% used [0x00000007a8a80000,0x00000007a9141650,0x00000007a9180000)
  to   space 10752K, 0% used [0x00000007a7c80000,0x00000007a7c80000,0x00000007a8700000)
 ParOldGen       total 112640K, used 12312K [0x0000000760000000, 0x0000000766e00000, 0x00000007a0000000)
  object space 112640K, 10% used [0x0000000760000000,0x0000000760c061e8,0x0000000766e00000)
 Metaspace       used 33331K, capacity 34056K, committed 34304K, reserved 1079296K
  class space    used 4561K, capacity 4819K, committed 4864K, reserved 1048576K
Event: 5.390 GC heap after
Heap after GC invocations=6 (full 1):
 PSYoungGen      total 138240K, used 10744K [0x00000007a0000000, 0x00000007aad80000, 0x00000007c0000000)
  eden space 127488K, 0% used [0x00000007a0000000,0x00000007a0000000,0x00000007a7c80000)
  from space 10752K, 99% used [0x00000007a7c80000,0x00000007a86fe358,0x00000007a8700000)
  to   space 14848K, 0% used [0x00000007a9f00000,0x00000007a9f00000,0x00000007aad80000)
 ParOldGen       total 112640K, used 12918K [0x0000000760000000, 0x0000000766e00000, 0x00000007a0000000)
  object space 112640K, 11% used [0x0000000760000000,0x0000000760c9d9f8,0x0000000766e00000)
 Metaspace       used 33331K, capacity 34056K, committed 34304K, reserved 1079296K
  class space    used 4561K, capacity 4819K, committed 4864K, reserved 1048576K
}
Event: 5.596 GC heap before
{Heap before GC invocations=7 (full 1):
 PSYoungGen      total 138240K, used 46472K [0x00000007a0000000, 0x00000007aad80000, 0x00000007c0000000)
  eden space 127488K, 28% used [0x00000007a0000000,0x00000007a22e3f90,0x00000007a7c80000)
  from space 10752K, 99% used [0x00000007a7c80000,0x00000007a86fe358,0x00000007a8700000)
  to   space 14848K, 0% used [0x00000007a9f00000,0x00000007a9f00000,0x00000007aad80000)
 ParOldGen       total 112640K, used 12918K [0x0000000760000000, 0x0000000766e00000, 0x00000007a0000000)
  object space 112640K, 11% used [0x0000000760000000,0x0000000760c9d9f8,0x0000000766e00000)
 Metaspace       used 34560K, capacity 35344K, committed 35496K, reserved 1079296K
  class space    used 4771K, capacity 5029K, committed 5120K, reserved 1048576K
Event: 5.606 GC heap after
Heap after GC invocations=7 (full 1):
 PSYoungGen      total 163328K, used 9680K [0x00000007a0000000, 0x00000007aea80000, 0x00000007c0000000)
  eden space 148480K, 0% used [0x00000007a0000000,0x00000007a0000000,0x00000007a9100000)
  from space 14848K, 65% used [0x00000007a9f00000,0x00000007aa8743b0,0x00000007aad80000)
  to   space 14336K, 0% used [0x00000007a9100000,0x00000007a9100000,0x00000007a9f00000)
 ParOldGen       total 112640K, used 12918K [0x0000000760000000, 0x0000000766e00000, 0x00000007a0000000)
  object space 112640K, 11% used [0x0000000760000000,0x0000000760c9d9f8,0x0000000766e00000)
 Metaspace       used 34560K, capacity 35344K, committed 35496K, reserved 1079296K
  class space    used 4771K, capacity 5029K, committed 5120K, reserved 1048576K
}
Event: 5.606 GC heap before
{Heap before GC invocations=8 (full 2):
 PSYoungGen      total 163328K, used 9680K [0x00000007a0000000, 0x00000007aea80000, 0x00000007c0000000)
  eden space 148480K, 0% used [0x00000007a0000000,0x00000007a0000000,0x00000007a9100000)
  from space 14848K, 65% used [0x00000007a9f00000,0x00000007aa8743b0,0x00000007aad80000)
  to   space 14336K, 0% used [0x00000007a9100000,0x00000007a9100000,0x00000007a9f00000)
 ParOldGen       total 112640K, used 12918K [0x0000000760000000, 0x0000000766e00000, 0x00000007a0000000)
  object space 112640K, 11% used [0x0000000760000000,0x0000000760c9d9f8,0x0000000766e00000)
 Metaspace       used 34560K, capacity 35344K, committed 35496K, reserved 1079296K
  class space    used 4771K, capacity 5029K, committed 5120K, reserved 1048576K
Event: 5.670 GC heap after
Heap after GC invocations=8 (full 2):
 PSYoungGen      total 163328K, used 0K [0x00000007a0000000, 0x00000007aea80000, 0x00000007c0000000)
  eden space 148480K, 0% used [0x00000007a0000000,0x00000007a0000000,0x00000007a9100000)
  from space 14848K, 0% used [0x00000007a9f00000,0x00000007a9f00000,0x00000007aad80000)
  to   space 14336K, 0% used [0x00000007a9100000,0x00000007a9100000,0x00000007a9f00000)
 ParOldGen       total 167424K, used 16908K [0x0000000760000000, 0x000000076a380000, 0x00000007a0000000)
  object space 167424K, 10% used [0x0000000760000000,0x0000000761083038,0x000000076a380000)
 Metaspace       used 34560K, capacity 35344K, committed 35496K, reserved 1079296K
  class space    used 4771K, capacity 5029K, committed 5120K, reserved 1048576K
}
Event: 7.607 GC heap before
{Heap before GC invocations=9 (full 2):
 PSYoungGen      total 163328K, used 148480K [0x00000007a0000000, 0x00000007aea80000, 0x00000007c0000000)
  eden space 148480K, 100% used [0x00000007a0000000,0x00000007a9100000,0x00000007a9100000)
  from space 14848K, 0% used [0x00000007a9f00000,0x00000007a9f00000,0x00000007aad80000)
  to   space 14336K, 0% used [0x00000007a9100000,0x00000007a9100000,0x00000007a9f00000)
 ParOldGen       total 167424K, used 16908K [0x0000000760000000, 0x000000076a380000, 0x00000007a0000000)
  object space 167424K, 10% used [0x0000000760000000,0x0000000761083038,0x000000076a380000)
 Metaspace       used 48259K, capacity 49492K, committed 49664K, reserved 1091584K
  class space    used 6469K, capacity 6792K, committed 6912K, reserved 1048576K

