# JRE version: OpenJDK Runtime Environment (8.0_212) (build 1.8.0_212-release-1586-b4-5784211)
# Java VM: OpenJDK 64-Bit Server VM (25.212-b4-5784211 mixed mode bsd-amd64 compressed oops)
Heap:
 PSYoungGen      total 272896K, used 262144K [0x00000007a0000000, 0x00000007b3200000, 0x00000007c0000000)
  eden space 262144K, 100% used [0x00000007a0000000,0x00000007b0000000,0x00000007b0000000)
  from space 10752K, 0% used [0x00000007b0000000,0x00000007b0000000,0x00000007b0a80000)
  to   space 14336K, 88% used [0x00000007b2400000,0x00000007b305f330,0x00000007b3200000)
 ParOldGen       total 180224K, used 17782K [0x0000000760000000, 0x000000076b000000, 0x00000007a0000000)
  object space 180224K, 9% used [0x0000000760000000,0x000000076115da08,0x000000076b000000)
 Metaspace       used 56693K, capacity 58346K, committed 58712K, reserved 1099776K
  class space    used 7568K, capacity 7956K, committed 8064K, reserved 1048576K
GC Heap History (10 events):
Event: 2.008 GC heap after
Heap after GC invocations=3 (full 0):
 PSYoungGen      total 141824K, used 10741K [0x00000007a0000000, 0x00000007b1500000, 0x00000007c0000000)
  eden space 131072K, 0% used [0x00000007a0000000,0x00000007a0000000,0x00000007a8000000)
  from space 10752K, 99% used [0x00000007a8000000,0x00000007a8a7d468,0x00000007a8a80000)
  to   space 10752K, 0% used [0x00000007b0a80000,0x00000007b0a80000,0x00000007b1500000)
 ParOldGen       total 175104K, used 1060K [0x0000000760000000, 0x000000076ab00000, 0x00000007a0000000)
  object space 175104K, 0% used [0x0000000760000000,0x0000000760109050,0x000000076ab00000)
 Metaspace       used 20756K, capacity 21120K, committed 21248K, reserved 1067008K
  class space    used 2941K, capacity 3068K, committed 3072K, reserved 1048576K
}
Event: 2.008 GC heap before
{Heap before GC invocations=4 (full 1):
 PSYoungGen      total 141824K, used 10741K [0x00000007a0000000, 0x00000007b1500000, 0x00000007c0000000)
  eden space 131072K, 0% used [0x00000007a0000000,0x00000007a0000000,0x00000007a8000000)
  from space 10752K, 99% used [0x00000007a8000000,0x00000007a8a7d468,0x00000007a8a80000)
  to   space 10752K, 0% used [0x00000007b0a80000,0x00000007b0a80000,0x00000007b1500000)
 ParOldGen       total 175104K, used 1060K [0x0000000760000000, 0x000000076ab00000, 0x00000007a0000000)
  object space 175104K, 0% used [0x0000000760000000,0x0000000760109050,0x000000076ab00000)
 Metaspace       used 20756K, capacity 21120K, committed 21248K, reserved 1067008K
  class space    used 2941K, capacity 3068K, committed 3072K, reserved 1048576K
Event: 2.044 GC heap after
Heap after GC invocations=4 (full 1):
 PSYoungGen      total 141824K, used 0K [0x00000007a0000000, 0x00000007b1500000, 0x00000007c0000000)
  eden space 131072K, 0% used [0x00000007a0000000,0x00000007a0000000,0x00000007a8000000)
  from space 10752K, 0% used [0x00000007a8000000,0x00000007a8000000,0x00000007a8a80000)
  to   space 10752K, 0% used [0x00000007b0a80000,0x00000007b0a80000,0x00000007b1500000)
 ParOldGen       total 111616K, used 11422K [0x0000000760000000, 0x0000000766d00000, 0x00000007a0000000)
  object space 111616K, 10% used [0x0000000760000000,0x0000000760b27978,0x0000000766d00000)
 Metaspace       used 20756K, capacity 21120K, committed 21248K, reserved 1067008K
  class space    used 2941K, capacity 3068K, committed 3072K, reserved 1048576K
}
Event: 3.351 GC heap before
{Heap before GC invocations=5 (full 1):
 PSYoungGen      total 141824K, used 131072K [0x00000007a0000000, 0x00000007b1500000, 0x00000007c0000000)
  eden space 131072K, 100% used [0x00000007a0000000,0x00000007a8000000,0x00000007a8000000)
  from space 10752K, 0% used [0x00000007a8000000,0x00000007a8000000,0x00000007a8a80000)
  to   space 10752K, 0% used [0x00000007b0a80000,0x00000007b0a80000,0x00000007b1500000)
 ParOldGen       total 111616K, used 11422K [0x0000000760000000, 0x0000000766d00000, 0x00000007a0000000)
  object space 111616K, 10% used [0x0000000760000000,0x0000000760b27978,0x0000000766d00000)
 Metaspace       used 31227K, capacity 31674K, committed 31872K, reserved 1077248K
  class space    used 4289K, capacity 4466K, committed 4480K, reserved 1048576K
Event: 3.367 GC heap after
Heap after GC invocations=5 (full 1):
 PSYoungGen      total 203776K, used 10724K [0x00000007a0000000, 0x00000007b1500000, 0x00000007c0000000)
  eden space 193024K, 0% used [0x00000007a0000000,0x00000007a0000000,0x00000007abc80000)
  from space 10752K, 99% used [0x00000007b0a80000,0x00000007b14f9178,0x00000007b1500000)
  to   space 10752K, 0% used [0x00000007b0000000,0x00000007b0000000,0x00000007b0a80000)
 ParOldGen       total 111616K, used 12561K [0x0000000760000000, 0x0000000766d00000, 0x00000007a0000000)
  object space 111616K, 11% used [0x0000000760000000,0x0000000760c44420,0x0000000766d00000)
 Metaspace       used 31227K, capacity 31674K, committed 31872K, reserved 1077248K
  class space    used 4289K, capacity 4466K, committed 4480K, reserved 1048576K
}
Event: 4.029 GC heap before
{Heap before GC invocations=6 (full 1):
 PSYoungGen      total 203776K, used 90362K [0x00000007a0000000, 0x00000007b1500000, 0x00000007c0000000)
  eden space 193024K, 41% used [0x00000007a0000000,0x00000007a4dc5938,0x00000007abc80000)
  from space 10752K, 99% used [0x00000007b0a80000,0x00000007b14f9178,0x00000007b1500000)
  to   space 10752K, 0% used [0x00000007b0000000,0x00000007b0000000,0x00000007b0a80000)
 ParOldGen       total 111616K, used 12561K [0x0000000760000000, 0x0000000766d00000, 0x00000007a0000000)
  object space 111616K, 11% used [0x0000000760000000,0x0000000760c44420,0x0000000766d00000)
 Metaspace       used 34554K, capacity 35312K, committed 35416K, reserved 1079296K
  class space    used 4764K, capacity 4967K, committed 4992K, reserved 1048576K
Event: 4.040 GC heap after
Heap after GC invocations=6 (full 1):
 PSYoungGen      total 272896K, used 10745K [0x00000007a0000000, 0x00000007b3200000, 0x00000007c0000000)
  eden space 262144K, 0% used [0x00000007a0000000,0x00000007a0000000,0x00000007b0000000)
  from space 10752K, 99% used [0x00000007b0000000,0x00000007b0a7e7d8,0x00000007b0a80000)
  to   space 14336K, 0% used [0x00000007b2400000,0x00000007b2400000,0x00000007b3200000)
 ParOldGen       total 111616K, used 12956K [0x0000000760000000, 0x0000000766d00000, 0x00000007a0000000)
  object space 111616K, 11% used [0x0000000760000000,0x0000000760ca7228,0x0000000766d00000)
 Metaspace       used 34554K, capacity 35312K, committed 35416K, reserved 1079296K
  class space    used 4764K, capacity 4967K, committed 4992K, reserved 1048576K
}
Event: 4.040 GC heap before
{Heap before GC invocations=7 (full 2):
 PSYoungGen      total 272896K, used 10745K [0x00000007a0000000, 0x00000007b3200000, 0x00000007c0000000)
  eden space 262144K, 0% used [0x00000007a0000000,0x00000007a0000000,0x00000007b0000000)
  from space 10752K, 99% used [0x00000007b0000000,0x00000007b0a7e7d8,0x00000007b0a80000)
  to   space 14336K, 0% used [0x00000007b2400000,0x00000007b2400000,0x00000007b3200000)
 ParOldGen       total 111616K, used 12956K [0x0000000760000000, 0x0000000766d00000, 0x00000007a0000000)
  object space 111616K, 11% used [0x0000000760000000,0x0000000760ca7228,0x0000000766d00000)
 Metaspace       used 34554K, capacity 35312K, committed 35416K, reserved 1079296K
  class space    used 4764K, capacity 4967K, committed 4992K, reserved 1048576K
Event: 4.113 GC heap after
Heap after GC invocations=7 (full 2):
 PSYoungGen      total 272896K, used 0K [0x00000007a0000000, 0x00000007b3200000, 0x00000007c0000000)
  eden space 262144K, 0% used [0x00000007a0000000,0x00000007a0000000,0x00000007b0000000)
  from space 10752K, 0% used [0x00000007b0000000,0x00000007b0000000,0x00000007b0a80000)
  to   space 14336K, 0% used [0x00000007b2400000,0x00000007b2400000,0x00000007b3200000)
 ParOldGen       total 180224K, used 17710K [0x0000000760000000, 0x000000076b000000, 0x00000007a0000000)
  object space 180224K, 9% used [0x0000000760000000,0x000000076114b9f8,0x000000076b000000)
 Metaspace       used 34538K, capacity 35258K, committed 35416K, reserved 1079296K
  class space    used 4759K, capacity 4958K, committed 4992K, reserved 1048576K
}
Event: 10.406 GC heap before
{Heap before GC invocations=8 (full 2):
 PSYoungGen      total 272896K, used 262144K [0x00000007a0000000, 0x00000007b3200000, 0x00000007c0000000)
  eden space 262144K, 100% used [0x00000007a0000000,0x00000007b0000000,0x00000007b0000000)
  from space 10752K, 0% used [0x00000007b0000000,0x00000007b0000000,0x00000007b0a80000)
  to   space 14336K, 0% used [0x00000007b2400000,0x00000007b2400000,0x00000007b3200000)
 ParOldGen       total 180224K, used 17710K [0x0000000760000000, 0x000000076b000000, 0x00000007a0000000)
  object space 180224K, 9% used [0x0000000760000000,0x000000076114b9f8,0x000000076b000000)
 Metaspace       used 56693K, capacity 58346K, committed 58712K, reserved 1099776K
  class space    used 7568K, capacity 7956K, committed 8064K, reserved 1048576K

