# JRE version: OpenJDK Runtime Environment (8.0_212) (build 1.8.0_212-release-1586-b4-5784211)
# Java VM: OpenJDK 64-Bit Server VM (25.212-b4-5784211 mixed mode bsd-amd64 compressed oops)
Heap:
 PSYoungGen      total 374272K, used 365667K [0x00000007a0000000, 0x00000007b9a80000, 0x00000007c0000000)
  eden space 334336K, 100% used [0x00000007a0000000,0x00000007b4680000,0x00000007b4680000)
  from space 39936K, 78% used [0x00000007b7180000,0x00000007b9018e98,0x00000007b9880000)
  to   space 43008K, 13% used [0x00000007b4680000,0x00000007b4c0aaa8,0x00000007b7080000)
 ParOldGen       total 235008K, used 87835K [0x0000000760000000, 0x000000076e580000, 0x00000007a0000000)
  object space 235008K, 37% used [0x0000000760000000,0x00000007655c6e20,0x000000076e580000)
 Metaspace       used 68117K, capacity 71020K, committed 71256K, reserved 1110016K
  class space    used 9383K, capacity 10015K, committed 10112K, reserved 1048576K
GC Heap History (10 events):
Event: 7.845 GC heap after
Heap after GC invocations=11 (full 2):
 PSYoungGen      total 203776K, used 16285K [0x00000007a0000000, 0x00000007b2880000, 0x00000007c0000000)
  eden space 183296K, 0% used [0x00000007a0000000,0x00000007a0000000,0x00000007ab300000)
  from space 20480K, 79% used [0x00000007ab300000,0x00000007ac2e77b0,0x00000007ac700000)
  to   space 21504K, 0% used [0x00000007b1380000,0x00000007b1380000,0x00000007b2880000)
 ParOldGen       total 180224K, used 27816K [0x0000000760000000, 0x000000076b000000, 0x00000007a0000000)
  object space 180224K, 15% used [0x0000000760000000,0x0000000761b2a018,0x000000076b000000)
 Metaspace       used 57010K, capacity 58864K, committed 59028K, reserved 1099776K
  class space    used 7895K, capacity 8321K, committed 8448K, reserved 1048576K
}
Event: 7.845 GC heap before
{Heap before GC invocations=12 (full 3):
 PSYoungGen      total 203776K, used 16285K [0x00000007a0000000, 0x00000007b2880000, 0x00000007c0000000)
  eden space 183296K, 0% used [0x00000007a0000000,0x00000007a0000000,0x00000007ab300000)
  from space 20480K, 79% used [0x00000007ab300000,0x00000007ac2e77b0,0x00000007ac700000)
  to   space 21504K, 0% used [0x00000007b1380000,0x00000007b1380000,0x00000007b2880000)
 ParOldGen       total 180224K, used 27816K [0x0000000760000000, 0x000000076b000000, 0x00000007a0000000)
  object space 180224K, 15% used [0x0000000760000000,0x0000000761b2a018,0x000000076b000000)
 Metaspace       used 57010K, capacity 58864K, committed 59028K, reserved 1099776K
  class space    used 7895K, capacity 8321K, committed 8448K, reserved 1048576K
Event: 8.030 GC heap after
Heap after GC invocations=12 (full 3):
 PSYoungGen      total 203776K, used 0K [0x00000007a0000000, 0x00000007b2880000, 0x00000007c0000000)
  eden space 183296K, 0% used [0x00000007a0000000,0x00000007a0000000,0x00000007ab300000)
  from space 20480K, 0% used [0x00000007ab300000,0x00000007ab300000,0x00000007ac700000)
  to   space 21504K, 0% used [0x00000007b1380000,0x00000007b1380000,0x00000007b2880000)
 ParOldGen       total 235008K, used 31380K [0x0000000760000000, 0x000000076e580000, 0x00000007a0000000)
  object space 235008K, 13% used [0x0000000760000000,0x0000000761ea5118,0x000000076e580000)
 Metaspace       used 56964K, capacity 58734K, committed 59028K, reserved 1099776K
  class space    used 7879K, capacity 8294K, committed 8448K, reserved 1048576K
}
Event: 8.991 GC heap before
{Heap before GC invocations=13 (full 3):
 PSYoungGen      total 203776K, used 183296K [0x00000007a0000000, 0x00000007b2880000, 0x00000007c0000000)
  eden space 183296K, 100% used [0x00000007a0000000,0x00000007ab300000,0x00000007ab300000)
  from space 20480K, 0% used [0x00000007ab300000,0x00000007ab300000,0x00000007ac700000)
  to   space 21504K, 0% used [0x00000007b1380000,0x00000007b1380000,0x00000007b2880000)
 ParOldGen       total 235008K, used 31380K [0x0000000760000000, 0x000000076e580000, 0x00000007a0000000)
  object space 235008K, 13% used [0x0000000760000000,0x0000000761ea5118,0x000000076e580000)
 Metaspace       used 60911K, capacity 63024K, committed 63192K, reserved 1103872K
  class space    used 8411K, capacity 8899K, committed 8960K, reserved 1048576K
Event: 9.025 GC heap after
Heap after GC invocations=13 (full 3):
 PSYoungGen      total 271872K, used 21493K [0x00000007a0000000, 0x00000007b2880000, 0x00000007c0000000)
  eden space 250368K, 0% used [0x00000007a0000000,0x00000007a0000000,0x00000007af480000)
  from space 21504K, 99% used [0x00000007b1380000,0x00000007b287d598,0x00000007b2880000)
  to   space 26624K, 0% used [0x00000007af480000,0x00000007af480000,0x00000007b0e80000)
 ParOldGen       total 235008K, used 39157K [0x0000000760000000, 0x000000076e580000, 0x00000007a0000000)
  object space 235008K, 16% used [0x0000000760000000,0x000000076263d6e0,0x000000076e580000)
 Metaspace       used 60911K, capacity 63024K, committed 63192K, reserved 1103872K
  class space    used 8411K, capacity 8899K, committed 8960K, reserved 1048576K
}
Event: 10.462 GC heap before
{Heap before GC invocations=14 (full 3):
 PSYoungGen      total 271872K, used 271861K [0x00000007a0000000, 0x00000007b2880000, 0x00000007c0000000)
  eden space 250368K, 100% used [0x00000007a0000000,0x00000007af480000,0x00000007af480000)
  from space 21504K, 99% used [0x00000007b1380000,0x00000007b287d598,0x00000007b2880000)
  to   space 26624K, 0% used [0x00000007af480000,0x00000007af480000,0x00000007b0e80000)
 ParOldGen       total 235008K, used 39157K [0x0000000760000000, 0x000000076e580000, 0x00000007a0000000)
  object space 235008K, 16% used [0x0000000760000000,0x000000076263d6e0,0x000000076e580000)
 Metaspace       used 66091K, capacity 68652K, committed 68952K, reserved 1107968K
  class space    used 9168K, capacity 9783K, committed 9856K, reserved 1048576K
Event: 10.508 GC heap after
Heap after GC invocations=14 (full 3):
 PSYoungGen      total 276992K, used 26619K [0x00000007a0000000, 0x00000007b9880000, 0x00000007c0000000)
  eden space 250368K, 0% used [0x00000007a0000000,0x00000007a0000000,0x00000007af480000)
  from space 26624K, 99% used [0x00000007af480000,0x00000007b0e7ef20,0x00000007b0e80000)
  to   space 39936K, 0% used [0x00000007b7180000,0x00000007b7180000,0x00000007b9880000)
 ParOldGen       total 235008K, used 65380K [0x0000000760000000, 0x000000076e580000, 0x00000007a0000000)
  object space 235008K, 27% used [0x0000000760000000,0x0000000763fd9388,0x000000076e580000)
 Metaspace       used 66091K, capacity 68652K, committed 68952K, reserved 1107968K
  class space    used 9168K, capacity 9783K, committed 9856K, reserved 1048576K
}
Event: 11.553 GC heap before
{Heap before GC invocations=15 (full 3):
 PSYoungGen      total 276992K, used 276987K [0x00000007a0000000, 0x00000007b9880000, 0x00000007c0000000)
  eden space 250368K, 100% used [0x00000007a0000000,0x00000007af480000,0x00000007af480000)
  from space 26624K, 99% used [0x00000007af480000,0x00000007b0e7ef20,0x00000007b0e80000)
  to   space 39936K, 0% used [0x00000007b7180000,0x00000007b7180000,0x00000007b9880000)
 ParOldGen       total 235008K, used 65380K [0x0000000760000000, 0x000000076e580000, 0x00000007a0000000)
  object space 235008K, 27% used [0x0000000760000000,0x0000000763fd9388,0x000000076e580000)
 Metaspace       used 66379K, capacity 68944K, committed 69208K, reserved 1107968K
  class space    used 9199K, capacity 9793K, committed 9856K, reserved 1048576K
Event: 11.582 GC heap after
Heap after GC invocations=15 (full 3):
 PSYoungGen      total 374272K, used 31331K [0x00000007a0000000, 0x00000007b9a80000, 0x00000007c0000000)
  eden space 334336K, 0% used [0x00000007a0000000,0x00000007a0000000,0x00000007b4680000)
  from space 39936K, 78% used [0x00000007b7180000,0x00000007b9018e98,0x00000007b9880000)
  to   space 43008K, 0% used [0x00000007b4680000,0x00000007b4680000,0x00000007b7080000)
 ParOldGen       total 235008K, used 65380K [0x0000000760000000, 0x000000076e580000, 0x00000007a0000000)
  object space 235008K, 27% used [0x0000000760000000,0x0000000763fd9388,0x000000076e580000)
 Metaspace       used 66379K, capacity 68944K, committed 69208K, reserved 1107968K
  class space    used 9199K, capacity 9793K, committed 9856K, reserved 1048576K
}
Event: 12.496 GC heap before
{Heap before GC invocations=16 (full 3):
 PSYoungGen      total 374272K, used 365667K [0x00000007a0000000, 0x00000007b9a80000, 0x00000007c0000000)
  eden space 334336K, 100% used [0x00000007a0000000,0x00000007b4680000,0x00000007b4680000)
  from space 39936K, 78% used [0x00000007b7180000,0x00000007b9018e98,0x00000007b9880000)
  to   space 43008K, 0% used [0x00000007b4680000,0x00000007b4680000,0x00000007b7080000)
 ParOldGen       total 235008K, used 65380K [0x0000000760000000, 0x000000076e580000, 0x00000007a0000000)
  object space 235008K, 27% used [0x0000000760000000,0x0000000763fd9388,0x000000076e580000)
 Metaspace       used 68117K, capacity 71020K, committed 71256K, reserved 1110016K
  class space    used 9383K, capacity 10015K, committed 10112K, reserved 1048576K

