# JRE version: OpenJDK Runtime Environment (8.0_212) (build 1.8.0_212-release-1586-b4-5784211)
# Java VM: OpenJDK 64-Bit Server VM (25.212-b4-5784211 mixed mode bsd-amd64 compressed oops)
Heap:
 PSYoungGen      total 361984K, used 358593K [0x00000007a0000000, 0x00000007bdb80000, 0x00000007c0000000)
  eden space 326144K, 100% used [0x00000007a0000000,0x00000007b3e80000,0x00000007b3e80000)
  from space 35840K, 90% used [0x00000007b3e80000,0x00000007b5e304b0,0x00000007b6180000)
  to   space 39424K, 73% used [0x00000007bb500000,0x00000007bd121750,0x00000007bdb80000)
 ParOldGen       total 868352K, used 675104K [0x0000000760000000, 0x0000000795000000, 0x00000007a0000000)
  object space 868352K, 77% used [0x0000000760000000,0x00000007893483d8,0x0000000795000000)
 Metaspace       used 93515K, capacity 98164K, committed 98432K, reserved 1134592K
  class space    used 12375K, capacity 13368K, committed 13440K, reserved 1048576K
GC Heap History (10 events):
Event: 41.881 GC heap after
Heap after GC invocations=14 (full 3):
 PSYoungGen      total 262656K, used 29673K [0x00000007a0000000, 0x00000007b4b80000, 0x00000007c0000000)
  eden space 232960K, 0% used [0x00000007a0000000,0x00000007a0000000,0x00000007ae380000)
  from space 29696K, 99% used [0x00000007ae380000,0x00000007b007a4b8,0x00000007b0080000)
  to   space 33792K, 0% used [0x00000007b2a80000,0x00000007b2a80000,0x00000007b4b80000)
 ParOldGen       total 258048K, used 46408K [0x0000000760000000, 0x000000076fc00000, 0x00000007a0000000)
  object space 258048K, 17% used [0x0000000760000000,0x0000000762d521a0,0x000000076fc00000)
 Metaspace       used 75751K, capacity 79000K, committed 79232K, reserved 1118208K
  class space    used 10045K, capacity 10756K, committed 10880K, reserved 1048576K
}
Event: 42.893 GC heap before
{Heap before GC invocations=15 (full 3):
 PSYoungGen      total 262656K, used 262633K [0x00000007a0000000, 0x00000007b4b80000, 0x00000007c0000000)
  eden space 232960K, 100% used [0x00000007a0000000,0x00000007ae380000,0x00000007ae380000)
  from space 29696K, 99% used [0x00000007ae380000,0x00000007b007a4b8,0x00000007b0080000)
  to   space 33792K, 0% used [0x00000007b2a80000,0x00000007b2a80000,0x00000007b4b80000)
 ParOldGen       total 258048K, used 46408K [0x0000000760000000, 0x000000076fc00000, 0x00000007a0000000)
  object space 258048K, 17% used [0x0000000760000000,0x0000000762d521a0,0x000000076fc00000)
 Metaspace       used 79541K, capacity 83052K, committed 83072K, reserved 1120256K
  class space    used 10602K, capacity 11376K, committed 11392K, reserved 1048576K
Event: 42.924 GC heap after
Heap after GC invocations=15 (full 3):
 PSYoungGen      total 306688K, used 13826K [0x00000007a0000000, 0x00000007b5180000, 0x00000007c0000000)
  eden space 272896K, 0% used [0x00000007a0000000,0x00000007a0000000,0x00000007b0a80000)
  from space 33792K, 40% used [0x00000007b2a80000,0x00000007b38008e0,0x00000007b4b80000)
  to   space 32768K, 0% used [0x00000007b0a80000,0x00000007b0a80000,0x00000007b2a80000)
 ParOldGen       total 258048K, used 65081K [0x0000000760000000, 0x000000076fc00000, 0x00000007a0000000)
  object space 258048K, 25% used [0x0000000760000000,0x0000000763f8e4d0,0x000000076fc00000)
 Metaspace       used 79541K, capacity 83052K, committed 83072K, reserved 1120256K
  class space    used 10602K, capacity 11376K, committed 11392K, reserved 1048576K
}
Event: 45.207 GC heap before
{Heap before GC invocations=16 (full 3):
 PSYoungGen      total 306688K, used 286722K [0x00000007a0000000, 0x00000007b5180000, 0x00000007c0000000)
  eden space 272896K, 100% used [0x00000007a0000000,0x00000007b0a80000,0x00000007b0a80000)
  from space 33792K, 40% used [0x00000007b2a80000,0x00000007b38008e0,0x00000007b4b80000)
  to   space 32768K, 0% used [0x00000007b0a80000,0x00000007b0a80000,0x00000007b2a80000)
 ParOldGen       total 258048K, used 65081K [0x0000000760000000, 0x000000076fc00000, 0x00000007a0000000)
  object space 258048K, 25% used [0x0000000760000000,0x0000000763f8e4d0,0x000000076fc00000)
 Metaspace       used 91298K, capacity 95592K, committed 95872K, reserved 1132544K
  class space    used 12165K, capacity 13138K, committed 13184K, reserved 1048576K
Event: 45.249 GC heap after
Heap after GC invocations=16 (full 3):
 PSYoungGen      total 305664K, used 23666K [0x00000007a0000000, 0x00000007b8280000, 0x00000007c0000000)
  eden space 272896K, 0% used [0x00000007a0000000,0x00000007a0000000,0x00000007b0a80000)
  from space 32768K, 72% used [0x00000007b0a80000,0x00000007b219cb60,0x00000007b2a80000)
  to   space 33792K, 0% used [0x00000007b6180000,0x00000007b6180000,0x00000007b8280000)
 ParOldGen       total 258048K, used 65089K [0x0000000760000000, 0x000000076fc00000, 0x00000007a0000000)
  object space 258048K, 25% used [0x0000000760000000,0x0000000763f904d0,0x000000076fc00000)
 Metaspace       used 91298K, capacity 95592K, committed 95872K, reserved 1132544K
  class space    used 12165K, capacity 13138K, committed 13184K, reserved 1048576K
}
Event: 46.314 GC heap before
{Heap before GC invocations=17 (full 3):
 PSYoungGen      total 305664K, used 296562K [0x00000007a0000000, 0x00000007b8280000, 0x00000007c0000000)
  eden space 272896K, 100% used [0x00000007a0000000,0x00000007b0a80000,0x00000007b0a80000)
  from space 32768K, 72% used [0x00000007b0a80000,0x00000007b219cb60,0x00000007b2a80000)
  to   space 33792K, 0% used [0x00000007b6180000,0x00000007b6180000,0x00000007b8280000)
 ParOldGen       total 258048K, used 65089K [0x0000000760000000, 0x000000076fc00000, 0x00000007a0000000)
  object space 258048K, 25% used [0x0000000760000000,0x0000000763f904d0,0x000000076fc00000)
 Metaspace       used 92433K, capacity 96898K, committed 97024K, reserved 1132544K
  class space    used 12307K, capacity 13273K, committed 13312K, reserved 1048576K
Event: 46.353 GC heap after
Heap after GC invocations=17 (full 3):
 PSYoungGen      total 359936K, used 27248K [0x00000007a0000000, 0x00000007b8e80000, 0x00000007c0000000)
  eden space 326144K, 0% used [0x00000007a0000000,0x00000007a0000000,0x00000007b3e80000)
  from space 33792K, 80% used [0x00000007b6180000,0x00000007b7c1c148,0x00000007b8280000)
  to   space 35840K, 0% used [0x00000007b3e80000,0x00000007b3e80000,0x00000007b6180000)
 ParOldGen       total 258048K, used 65097K [0x0000000760000000, 0x000000076fc00000, 0x00000007a0000000)
  object space 258048K, 25% used [0x0000000760000000,0x0000000763f924d0,0x000000076fc00000)
 Metaspace       used 92433K, capacity 96898K, committed 97024K, reserved 1132544K
  class space    used 12307K, capacity 13273K, committed 13312K, reserved 1048576K
}
Event: 47.417 GC heap before
{Heap before GC invocations=18 (full 3):
 PSYoungGen      total 359936K, used 353392K [0x00000007a0000000, 0x00000007b8e80000, 0x00000007c0000000)
  eden space 326144K, 100% used [0x00000007a0000000,0x00000007b3e80000,0x00000007b3e80000)
  from space 33792K, 80% used [0x00000007b6180000,0x00000007b7c1c148,0x00000007b8280000)
  to   space 35840K, 0% used [0x00000007b3e80000,0x00000007b3e80000,0x00000007b6180000)
 ParOldGen       total 258048K, used 65097K [0x0000000760000000, 0x000000076fc00000, 0x00000007a0000000)
  object space 258048K, 25% used [0x0000000760000000,0x0000000763f924d0,0x000000076fc00000)
 Metaspace       used 93171K, capacity 97776K, committed 97920K, reserved 1134592K
  class space    used 12374K, capacity 13368K, committed 13440K, reserved 1048576K
Event: 47.454 GC heap after
Heap after GC invocations=18 (full 3):
 PSYoungGen      total 361984K, used 32449K [0x00000007a0000000, 0x00000007bdb80000, 0x00000007c0000000)
  eden space 326144K, 0% used [0x00000007a0000000,0x00000007a0000000,0x00000007b3e80000)
  from space 35840K, 90% used [0x00000007b3e80000,0x00000007b5e304b0,0x00000007b6180000)
  to   space 39424K, 0% used [0x00000007bb500000,0x00000007bb500000,0x00000007bdb80000)
 ParOldGen       total 258048K, used 65097K [0x0000000760000000, 0x000000076fc00000, 0x00000007a0000000)
  object space 258048K, 25% used [0x0000000760000000,0x0000000763f924d0,0x000000076fc00000)
 Metaspace       used 93171K, capacity 97776K, committed 97920K, reserved 1134592K
  class space    used 12374K, capacity 13368K, committed 13440K, reserved 1048576K
}
Event: 48.347 GC heap before
{Heap before GC invocations=19 (full 3):
 PSYoungGen      total 361984K, used 358593K [0x00000007a0000000, 0x00000007bdb80000, 0x00000007c0000000)
  eden space 326144K, 100% used [0x00000007a0000000,0x00000007b3e80000,0x00000007b3e80000)
  from space 35840K, 90% used [0x00000007b3e80000,0x00000007b5e304b0,0x00000007b6180000)
  to   space 39424K, 0% used [0x00000007bb500000,0x00000007bb500000,0x00000007bdb80000)
 ParOldGen       total 258048K, used 65097K [0x0000000760000000, 0x000000076fc00000, 0x00000007a0000000)
  object space 258048K, 25% used [0x0000000760000000,0x0000000763f924d0,0x000000076fc00000)
 Metaspace       used 93515K, capacity 98164K, committed 98432K, reserved 1134592K
  class space    used 12375K, capacity 13368K, committed 13440K, reserved 1048576K

