# JRE version: OpenJDK Runtime Environment (8.0_212) (build 1.8.0_212-release-1586-b4-5784211)
# Java VM: OpenJDK 64-Bit Server VM (25.212-b4-5784211 mixed mode bsd-amd64 compressed oops)
Heap:
 PSYoungGen      total 172032K, used 43591K [0x00000007a0000000, 0x00000007ac800000, 0x00000007c0000000)
  eden space 157184K, 20% used [0x00000007a0000000,0x00000007a1f20b78,0x00000007a9980000)
  from space 14848K, 78% used [0x00000007aa880000,0x00000007ab3f13b0,0x00000007ab700000)
  to   space 15360K, 0% used [0x00000007a9980000,0x00000007a9980000,0x00000007aa880000)
 ParOldGen       total 175104K, used 18416K [0x0000000760000000, 0x000000076ab00000, 0x00000007a0000000)
  object space 175104K, 10% used [0x0000000760000000,0x00000007611fc2b0,0x000000076ab00000)
 Metaspace       used 45811K, capacity 47106K, committed 47232K, reserved 1089536K
  class space    used 6098K, capacity 6440K, committed 6528K, reserved 1048576K
GC Heap History (10 events):
Event: 3.007 GC heap before
{Heap before GC invocations=4 (full 1):
 PSYoungGen      total 76288K, used 10747K [0x00000007a0000000, 0x00000007a9500000, 0x00000007c0000000)
  eden space 65536K, 0% used [0x00000007a0000000,0x00000007a0000000,0x00000007a4000000)
  from space 10752K, 99% used [0x00000007a4000000,0x00000007a4a7eee0,0x00000007a4a80000)
  to   space 10752K, 0% used [0x00000007a8a80000,0x00000007a8a80000,0x00000007a9500000)
 ParOldGen       total 175104K, used 1967K [0x0000000760000000, 0x000000076ab00000, 0x00000007a0000000)
  object space 175104K, 1% used [0x0000000760000000,0x00000007601ebde0,0x000000076ab00000)
 Metaspace       used 20669K, capacity 21166K, committed 21296K, reserved 1067008K
  class space    used 3003K, capacity 3166K, committed 3200K, reserved 1048576K
Event: 3.041 GC heap after
Heap after GC invocations=4 (full 1):
 PSYoungGen      total 76288K, used 0K [0x00000007a0000000, 0x00000007a9500000, 0x00000007c0000000)
  eden space 65536K, 0% used [0x00000007a0000000,0x00000007a0000000,0x00000007a4000000)
  from space 10752K, 0% used [0x00000007a4000000,0x00000007a4000000,0x00000007a4a80000)
  to   space 10752K, 0% used [0x00000007a8a80000,0x00000007a8a80000,0x00000007a9500000)
 ParOldGen       total 109056K, used 12370K [0x0000000760000000, 0x0000000766a80000, 0x00000007a0000000)
  object space 109056K, 11% used [0x0000000760000000,0x0000000760c14a10,0x0000000766a80000)
 Metaspace       used 20669K, capacity 21166K, committed 21296K, reserved 1067008K
  class space    used 3003K, capacity 3166K, committed 3200K, reserved 1048576K
}
Event: 3.637 GC heap before
{Heap before GC invocations=5 (full 1):
 PSYoungGen      total 76288K, used 65536K [0x00000007a0000000, 0x00000007a9500000, 0x00000007c0000000)
  eden space 65536K, 100% used [0x00000007a0000000,0x00000007a4000000,0x00000007a4000000)
  from space 10752K, 0% used [0x00000007a4000000,0x00000007a4000000,0x00000007a4a80000)
  to   space 10752K, 0% used [0x00000007a8a80000,0x00000007a8a80000,0x00000007a9500000)
 ParOldGen       total 109056K, used 12370K [0x0000000760000000, 0x0000000766a80000, 0x00000007a0000000)
  object space 109056K, 11% used [0x0000000760000000,0x0000000760c14a10,0x0000000766a80000)
 Metaspace       used 28032K, capacity 28534K, committed 28672K, reserved 1073152K
  class space    used 3857K, capacity 4040K, committed 4096K, reserved 1048576K
Event: 3.646 GC heap after
Heap after GC invocations=5 (full 1):
 PSYoungGen      total 109056K, used 6982K [0x00000007a0000000, 0x00000007a9180000, 0x00000007c0000000)
  eden space 101888K, 0% used [0x00000007a0000000,0x00000007a0000000,0x00000007a6380000)
  from space 7168K, 97% used [0x00000007a8a80000,0x00000007a9151b18,0x00000007a9180000)
  to   space 10752K, 0% used [0x00000007a7c80000,0x00000007a7c80000,0x00000007a8700000)
 ParOldGen       total 109056K, used 12378K [0x0000000760000000, 0x0000000766a80000, 0x00000007a0000000)
  object space 109056K, 11% used [0x0000000760000000,0x0000000760c16a10,0x0000000766a80000)
 Metaspace       used 28032K, capacity 28534K, committed 28672K, reserved 1073152K
  class space    used 3857K, capacity 4040K, committed 4096K, reserved 1048576K
}
Event: 4.713 GC heap before
{Heap before GC invocations=6 (full 1):
 PSYoungGen      total 109056K, used 95539K [0x00000007a0000000, 0x00000007a9180000, 0x00000007c0000000)
  eden space 101888K, 86% used [0x00000007a0000000,0x00000007a567b330,0x00000007a6380000)
  from space 7168K, 97% used [0x00000007a8a80000,0x00000007a9151b18,0x00000007a9180000)
  to   space 10752K, 0% used [0x00000007a7c80000,0x00000007a7c80000,0x00000007a8700000)
 ParOldGen       total 109056K, used 12378K [0x0000000760000000, 0x0000000766a80000, 0x00000007a0000000)
  object space 109056K, 11% used [0x0000000760000000,0x0000000760c16a10,0x0000000766a80000)
 Metaspace       used 34621K, capacity 35344K, committed 35496K, reserved 1079296K
  class space    used 4569K, capacity 4781K, committed 4864K, reserved 1048576K
Event: 4.728 GC heap after
Heap after GC invocations=6 (full 1):
 PSYoungGen      total 138240K, used 10748K [0x00000007a0000000, 0x00000007ab700000, 0x00000007c0000000)
  eden space 127488K, 0% used [0x00000007a0000000,0x00000007a0000000,0x00000007a7c80000)
  from space 10752K, 99% used [0x00000007a7c80000,0x00000007a86ff0e0,0x00000007a8700000)
  to   space 14848K, 0% used [0x00000007aa880000,0x00000007aa880000,0x00000007ab700000)
 ParOldGen       total 109056K, used 12986K [0x0000000760000000, 0x0000000766a80000, 0x00000007a0000000)
  object space 109056K, 11% used [0x0000000760000000,0x0000000760cae9c0,0x0000000766a80000)
 Metaspace       used 34621K, capacity 35344K, committed 35496K, reserved 1079296K
  class space    used 4569K, capacity 4781K, committed 4864K, reserved 1048576K
}
Event: 4.728 GC heap before
{Heap before GC invocations=7 (full 2):
 PSYoungGen      total 138240K, used 10748K [0x00000007a0000000, 0x00000007ab700000, 0x00000007c0000000)
  eden space 127488K, 0% used [0x00000007a0000000,0x00000007a0000000,0x00000007a7c80000)
  from space 10752K, 99% used [0x00000007a7c80000,0x00000007a86ff0e0,0x00000007a8700000)
  to   space 14848K, 0% used [0x00000007aa880000,0x00000007aa880000,0x00000007ab700000)
 ParOldGen       total 109056K, used 12986K [0x0000000760000000, 0x0000000766a80000, 0x00000007a0000000)
  object space 109056K, 11% used [0x0000000760000000,0x0000000760cae9c0,0x0000000766a80000)
 Metaspace       used 34621K, capacity 35344K, committed 35496K, reserved 1079296K
  class space    used 4569K, capacity 4781K, committed 4864K, reserved 1048576K
Event: 4.790 GC heap after
Heap after GC invocations=7 (full 2):
 PSYoungGen      total 138240K, used 0K [0x00000007a0000000, 0x00000007ab700000, 0x00000007c0000000)
  eden space 127488K, 0% used [0x00000007a0000000,0x00000007a0000000,0x00000007a7c80000)
  from space 10752K, 0% used [0x00000007a7c80000,0x00000007a7c80000,0x00000007a8700000)
  to   space 14848K, 0% used [0x00000007aa880000,0x00000007aa880000,0x00000007ab700000)
 ParOldGen       total 175104K, used 18408K [0x0000000760000000, 0x000000076ab00000, 0x00000007a0000000)
  object space 175104K, 10% used [0x0000000760000000,0x00000007611fa2b0,0x000000076ab00000)
 Metaspace       used 34575K, capacity 35240K, committed 35496K, reserved 1079296K
  class space    used 4557K, capacity 4769K, committed 4864K, reserved 1048576K
}
Event: 6.341 GC heap before
{Heap before GC invocations=8 (full 2):
 PSYoungGen      total 138240K, used 127488K [0x00000007a0000000, 0x00000007ab700000, 0x00000007c0000000)
  eden space 127488K, 100% used [0x00000007a0000000,0x00000007a7c80000,0x00000007a7c80000)
  from space 10752K, 0% used [0x00000007a7c80000,0x00000007a7c80000,0x00000007a8700000)
  to   space 14848K, 0% used [0x00000007aa880000,0x00000007aa880000,0x00000007ab700000)
 ParOldGen       total 175104K, used 18408K [0x0000000760000000, 0x000000076ab00000, 0x00000007a0000000)
  object space 175104K, 10% used [0x0000000760000000,0x00000007611fa2b0,0x000000076ab00000)
 Metaspace       used 42342K, capacity 43486K, committed 43648K, reserved 1087488K
  class space    used 5702K, capacity 6012K, committed 6016K, reserved 1048576K
Event: 6.361 GC heap after
Heap after GC invocations=8 (full 2):
 PSYoungGen      total 172032K, used 11716K [0x00000007a0000000, 0x00000007ac800000, 0x00000007c0000000)
  eden space 157184K, 0% used [0x00000007a0000000,0x00000007a0000000,0x00000007a9980000)
  from space 14848K, 78% used [0x00000007aa880000,0x00000007ab3f13b0,0x00000007ab700000)
  to   space 15360K, 0% used [0x00000007a9980000,0x00000007a9980000,0x00000007aa880000)
 ParOldGen       total 175104K, used 18416K [0x0000000760000000, 0x000000076ab00000, 0x00000007a0000000)
  object space 175104K, 10% used [0x0000000760000000,0x00000007611fc2b0,0x000000076ab00000)
 Metaspace       used 42342K, capacity 43486K, committed 43648K, reserved 1087488K
  class space    used 5702K, capacity 6012K, committed 6016K, reserved 1048576K
}

