# JRE version: OpenJDK Runtime Environment (8.0_212) (build 1.8.0_212-release-1586-b4-5784211)
# Java VM: OpenJDK 64-Bit Server VM (25.212-b4-5784211 mixed mode bsd-amd64 compressed oops)
Heap:
 PSYoungGen      total 390144K, used 213395K [0x00000007a0000000, 0x00000007baa00000, 0x00000007c0000000)
  eden space 353280K, 56% used [0x00000007a0000000,0x00000007ac448d78,0x00000007b5900000)
  from space 36864K, 33% used [0x00000007b8600000,0x00000007b921c020,0x00000007baa00000)
  to   space 41472K, 0% used [0x00000007b5900000,0x00000007b5900000,0x00000007b8180000)
 ParOldGen       total 247808K, used 86410K [0x0000000760000000, 0x000000076f200000, 0x00000007a0000000)
  object space 247808K, 34% used [0x0000000760000000,0x00000007654629a0,0x000000076f200000)
 Metaspace       used 94521K, capacity 99166K, committed 100096K, reserved 1136640K
  class space    used 12402K, capacity 13323K, committed 13568K, reserved 1048576K
GC Heap History (10 events):
Event: 148.805 GC heap before
{Heap before GC invocations=20 (full 3):
 PSYoungGen      total 292352K, used 182065K [0x00000007a0000000, 0x00000007b5180000, 0x00000007c0000000)
  eden space 265216K, 58% used [0x00000007a0000000,0x00000007a974f560,0x00000007b0300000)
  from space 27136K, 99% used [0x00000007b2600000,0x00000007b407d0b8,0x00000007b4080000)
  to   space 35840K, 0% used [0x00000007b0300000,0x00000007b0300000,0x00000007b2600000)
 ParOldGen       total 152576K, used 60953K [0x0000000760000000, 0x0000000769500000, 0x00000007a0000000)
  object space 152576K, 39% used [0x0000000760000000,0x0000000763b867a8,0x0000000769500000)
 Metaspace       used 93233K, capacity 98426K, committed 98560K, reserved 1134592K
  class space    used 12434K, capacity 13415K, committed 13440K, reserved 1048576K
Event: 148.848 GC heap after
Heap after GC invocations=20 (full 3):
 PSYoungGen      total 301056K, used 35808K [0x00000007a0000000, 0x00000007b8600000, 0x00000007c0000000)
  eden space 265216K, 0% used [0x00000007a0000000,0x00000007a0000000,0x00000007b0300000)
  from space 35840K, 99% used [0x00000007b0300000,0x00000007b25f8050,0x00000007b2600000)
  to   space 45056K, 0% used [0x00000007b5a00000,0x00000007b5a00000,0x00000007b8600000)
 ParOldGen       total 152576K, used 71186K [0x0000000760000000, 0x0000000769500000, 0x00000007a0000000)
  object space 152576K, 46% used [0x0000000760000000,0x00000007645848b0,0x0000000769500000)
 Metaspace       used 93233K, capacity 98426K, committed 98560K, reserved 1134592K
  class space    used 12434K, capacity 13415K, committed 13440K, reserved 1048576K
}
Event: 148.848 GC heap before
{Heap before GC invocations=21 (full 4):
 PSYoungGen      total 301056K, used 35808K [0x00000007a0000000, 0x00000007b8600000, 0x00000007c0000000)
  eden space 265216K, 0% used [0x00000007a0000000,0x00000007a0000000,0x00000007b0300000)
  from space 35840K, 99% used [0x00000007b0300000,0x00000007b25f8050,0x00000007b2600000)
  to   space 45056K, 0% used [0x00000007b5a00000,0x00000007b5a00000,0x00000007b8600000)
 ParOldGen       total 152576K, used 71186K [0x0000000760000000, 0x0000000769500000, 0x00000007a0000000)
  object space 152576K, 46% used [0x0000000760000000,0x00000007645848b0,0x0000000769500000)
 Metaspace       used 93233K, capacity 98426K, committed 98560K, reserved 1134592K
  class space    used 12434K, capacity 13415K, committed 13440K, reserved 1048576K
Event: 149.090 GC heap after
Heap after GC invocations=21 (full 4):
 PSYoungGen      total 301056K, used 0K [0x00000007a0000000, 0x00000007b8600000, 0x00000007c0000000)
  eden space 265216K, 0% used [0x00000007a0000000,0x00000007a0000000,0x00000007b0300000)
  from space 35840K, 0% used [0x00000007b0300000,0x00000007b0300000,0x00000007b2600000)
  to   space 45056K, 0% used [0x00000007b5a00000,0x00000007b5a00000,0x00000007b8600000)
 ParOldGen       total 247808K, used 86394K [0x0000000760000000, 0x000000076f200000, 0x00000007a0000000)
  object space 247808K, 34% used [0x0000000760000000,0x000000076545e9a0,0x000000076f200000)
 Metaspace       used 92872K, capacity 97424K, committed 98560K, reserved 1134592K
  class space    used 12316K, capacity 13206K, committed 13440K, reserved 1048576K
}
Event: 151.336 GC heap before
{Heap before GC invocations=22 (full 4):
 PSYoungGen      total 301056K, used 265216K [0x00000007a0000000, 0x00000007b8600000, 0x00000007c0000000)
  eden space 265216K, 100% used [0x00000007a0000000,0x00000007b0300000,0x00000007b0300000)
  from space 35840K, 0% used [0x00000007b0300000,0x00000007b0300000,0x00000007b2600000)
  to   space 45056K, 0% used [0x00000007b5a00000,0x00000007b5a00000,0x00000007b8600000)
 ParOldGen       total 247808K, used 86394K [0x0000000760000000, 0x000000076f200000, 0x00000007a0000000)
  object space 247808K, 34% used [0x0000000760000000,0x000000076545e9a0,0x000000076f200000)
 Metaspace       used 94368K, capacity 99004K, committed 100096K, reserved 1136640K
  class space    used 12399K, capacity 13320K, committed 13568K, reserved 1048576K
Event: 151.343 GC heap after
Heap after GC invocations=22 (full 4):
 PSYoungGen      total 354304K, used 4320K [0x00000007a0000000, 0x00000007b8680000, 0x00000007c0000000)
  eden space 309248K, 0% used [0x00000007a0000000,0x00000007a0000000,0x00000007b2e00000)
  from space 45056K, 9% used [0x00000007b5a00000,0x00000007b5e38010,0x00000007b8600000)
  to   space 45056K, 0% used [0x00000007b2e00000,0x00000007b2e00000,0x00000007b5a00000)
 ParOldGen       total 247808K, used 86402K [0x0000000760000000, 0x000000076f200000, 0x00000007a0000000)
  object space 247808K, 34% used [0x0000000760000000,0x00000007654609a0,0x000000076f200000)
 Metaspace       used 94368K, capacity 99004K, committed 100096K, reserved 1136640K
  class space    used 12399K, capacity 13320K, committed 13568K, reserved 1048576K
}
Event: 152.975 GC heap before
{Heap before GC invocations=23 (full 4):
 PSYoungGen      total 354304K, used 313568K [0x00000007a0000000, 0x00000007b8680000, 0x00000007c0000000)
  eden space 309248K, 100% used [0x00000007a0000000,0x00000007b2e00000,0x00000007b2e00000)
  from space 45056K, 9% used [0x00000007b5a00000,0x00000007b5e38010,0x00000007b8600000)
  to   space 45056K, 0% used [0x00000007b2e00000,0x00000007b2e00000,0x00000007b5a00000)
 ParOldGen       total 247808K, used 86402K [0x0000000760000000, 0x000000076f200000, 0x00000007a0000000)
  object space 247808K, 34% used [0x0000000760000000,0x00000007654609a0,0x000000076f200000)
 Metaspace       used 94470K, capacity 99150K, committed 100096K, reserved 1136640K
  class space    used 12401K, capacity 13323K, committed 13568K, reserved 1048576K
Event: 152.985 GC heap after
Heap after GC invocations=23 (full 4):
 PSYoungGen      total 354304K, used 8384K [0x00000007a0000000, 0x00000007bb080000, 0x00000007c0000000)
  eden space 309248K, 0% used [0x00000007a0000000,0x00000007a0000000,0x00000007b2e00000)
  from space 45056K, 18% used [0x00000007b2e00000,0x00000007b3630010,0x00000007b5a00000)
  to   space 43520K, 0% used [0x00000007b8600000,0x00000007b8600000,0x00000007bb080000)
 ParOldGen       total 247808K, used 86410K [0x0000000760000000, 0x000000076f200000, 0x00000007a0000000)
  object space 247808K, 34% used [0x0000000760000000,0x00000007654629a0,0x000000076f200000)
 Metaspace       used 94470K, capacity 99150K, committed 100096K, reserved 1136640K
  class space    used 12401K, capacity 13323K, committed 13568K, reserved 1048576K
}
Event: 154.675 GC heap before
{Heap before GC invocations=24 (full 4):
 PSYoungGen      total 354304K, used 317632K [0x00000007a0000000, 0x00000007bb080000, 0x00000007c0000000)
  eden space 309248K, 100% used [0x00000007a0000000,0x00000007b2e00000,0x00000007b2e00000)
  from space 45056K, 18% used [0x00000007b2e00000,0x00000007b3630010,0x00000007b5a00000)
  to   space 43520K, 0% used [0x00000007b8600000,0x00000007b8600000,0x00000007bb080000)
 ParOldGen       total 247808K, used 86410K [0x0000000760000000, 0x000000076f200000, 0x00000007a0000000)
  object space 247808K, 34% used [0x0000000760000000,0x00000007654629a0,0x000000076f200000)
 Metaspace       used 94499K, capacity 99166K, committed 100096K, reserved 1136640K
  class space    used 12401K, capacity 13323K, committed 13568K, reserved 1048576K
Event: 154.692 GC heap after
Heap after GC invocations=24 (full 4):
 PSYoungGen      total 390144K, used 12400K [0x00000007a0000000, 0x00000007baa00000, 0x00000007c0000000)
  eden space 353280K, 0% used [0x00000007a0000000,0x00000007a0000000,0x00000007b5900000)
  from space 36864K, 33% used [0x00000007b8600000,0x00000007b921c020,0x00000007baa00000)
  to   space 41472K, 0% used [0x00000007b5900000,0x00000007b5900000,0x00000007b8180000)
 ParOldGen       total 247808K, used 86410K [0x0000000760000000, 0x000000076f200000, 0x00000007a0000000)
  object space 247808K, 34% used [0x0000000760000000,0x00000007654629a0,0x000000076f200000)
 Metaspace       used 94499K, capacity 99166K, committed 100096K, reserved 1136640K
  class space    used 12401K, capacity 13323K, committed 13568K, reserved 1048576K
}

