# JRE version: OpenJDK Runtime Environment (8.0_212) (build 1.8.0_212-release-1586-b4-5784211)
# Java VM: OpenJDK 64-Bit Server VM (25.212-b4-5784211 mixed mode bsd-amd64 compressed oops)
Heap:
 PSYoungGen      total 382464K, used 345612K [0x00000007a0000000, 0x00000007ba500000, 0x00000007c0000000)
  eden space 334848K, 100% used [0x00000007a0000000,0x00000007b4700000,0x00000007b4700000)
  from space 47616K, 22% used [0x00000007b7500000,0x00000007b7f831f0,0x00000007ba380000)
  to   space 47104K, 10% used [0x00000007b4700000,0x00000007b4ba8db0,0x00000007b7500000)
 ParOldGen       total 1048576K, used 890792K [0x0000000760000000, 0x00000007a0000000, 0x00000007a0000000)
  object space 1048576K, 84% used [0x0000000760000000,0x00000007965ec358,0x00000007a0000000)
 Metaspace       used 69015K, capacity 72324K, committed 72472K, reserved 1112064K
  class space    used 9493K, capacity 10193K, committed 10264K, reserved 1048576K
GC Heap History (10 events):
Event: 10.311 GC heap after
Heap after GC invocations=13 (full 3):
 PSYoungGen      total 233984K, used 24061K [0x00000007a0000000, 0x00000007b0d00000, 0x00000007c0000000)
  eden space 209920K, 0% used [0x00000007a0000000,0x00000007a0000000,0x00000007acd00000)
  from space 24064K, 99% used [0x00000007ae900000,0x00000007b007f4a0,0x00000007b0080000)
  to   space 28672K, 0% used [0x00000007acd00000,0x00000007acd00000,0x00000007ae900000)
 ParOldGen       total 276992K, used 43386K [0x0000000760000000, 0x0000000770e80000, 0x00000007a0000000)
  object space 276992K, 15% used [0x0000000760000000,0x0000000762a5ea20,0x0000000770e80000)
 Metaspace       used 66713K, capacity 69748K, committed 69912K, reserved 1110016K
  class space    used 9302K, capacity 9975K, committed 10008K, reserved 1048576K
}
Event: 11.127 GC heap before
{Heap before GC invocations=14 (full 3):
 PSYoungGen      total 233984K, used 233981K [0x00000007a0000000, 0x00000007b0d00000, 0x00000007c0000000)
  eden space 209920K, 100% used [0x00000007a0000000,0x00000007acd00000,0x00000007acd00000)
  from space 24064K, 99% used [0x00000007ae900000,0x00000007b007f4a0,0x00000007b0080000)
  to   space 28672K, 0% used [0x00000007acd00000,0x00000007acd00000,0x00000007ae900000)
 ParOldGen       total 276992K, used 43386K [0x0000000760000000, 0x0000000770e80000, 0x00000007a0000000)
  object space 276992K, 15% used [0x0000000760000000,0x0000000762a5ea20,0x0000000770e80000)
 Metaspace       used 67945K, capacity 71232K, committed 71448K, reserved 1110016K
  class space    used 9484K, capacity 10191K, committed 10264K, reserved 1048576K
Event: 11.161 GC heap after
Heap after GC invocations=14 (full 3):
 PSYoungGen      total 238592K, used 28653K [0x00000007a0000000, 0x00000007b4700000, 0x00000007c0000000)
  eden space 209920K, 0% used [0x00000007a0000000,0x00000007a0000000,0x00000007acd00000)
  from space 28672K, 99% used [0x00000007acd00000,0x00000007ae8fb490,0x00000007ae900000)
  to   space 36864K, 0% used [0x00000007b2300000,0x00000007b2300000,0x00000007b4700000)
 ParOldGen       total 276992K, used 54404K [0x0000000760000000, 0x0000000770e80000, 0x00000007a0000000)
  object space 276992K, 19% used [0x0000000760000000,0x00000007635212c8,0x0000000770e80000)
 Metaspace       used 67945K, capacity 71232K, committed 71448K, reserved 1110016K
  class space    used 9484K, capacity 10191K, committed 10264K, reserved 1048576K
}
Event: 11.733 GC heap before
{Heap before GC invocations=15 (full 3):
 PSYoungGen      total 238592K, used 238573K [0x00000007a0000000, 0x00000007b4700000, 0x00000007c0000000)
  eden space 209920K, 100% used [0x00000007a0000000,0x00000007acd00000,0x00000007acd00000)
  from space 28672K, 99% used [0x00000007acd00000,0x00000007ae8fb490,0x00000007ae900000)
  to   space 36864K, 0% used [0x00000007b2300000,0x00000007b2300000,0x00000007b4700000)
 ParOldGen       total 276992K, used 54404K [0x0000000760000000, 0x0000000770e80000, 0x00000007a0000000)
  object space 276992K, 19% used [0x0000000760000000,0x00000007635212c8,0x0000000770e80000)
 Metaspace       used 68188K, capacity 71516K, committed 71704K, reserved 1110016K
  class space    used 9493K, capacity 10193K, committed 10264K, reserved 1048576K
Event: 11.777 GC heap after
Heap after GC invocations=15 (full 3):
 PSYoungGen      total 287744K, used 36836K [0x00000007a0000000, 0x00000007b6800000, 0x00000007c0000000)
  eden space 250880K, 0% used [0x00000007a0000000,0x00000007a0000000,0x00000007af500000)
  from space 36864K, 99% used [0x00000007b2300000,0x00000007b46f9068,0x00000007b4700000)
  to   space 47104K, 0% used [0x00000007af500000,0x00000007af500000,0x00000007b2300000)
 ParOldGen       total 276992K, used 67082K [0x0000000760000000, 0x0000000770e80000, 0x00000007a0000000)
  object space 276992K, 24% used [0x0000000760000000,0x0000000764182838,0x0000000770e80000)
 Metaspace       used 68188K, capacity 71516K, committed 71704K, reserved 1110016K
  class space    used 9493K, capacity 10193K, committed 10264K, reserved 1048576K
}
Event: 12.413 GC heap before
{Heap before GC invocations=16 (full 3):
 PSYoungGen      total 287744K, used 287716K [0x00000007a0000000, 0x00000007b6800000, 0x00000007c0000000)
  eden space 250880K, 100% used [0x00000007a0000000,0x00000007af500000,0x00000007af500000)
  from space 36864K, 99% used [0x00000007b2300000,0x00000007b46f9068,0x00000007b4700000)
  to   space 47104K, 0% used [0x00000007af500000,0x00000007af500000,0x00000007b2300000)
 ParOldGen       total 276992K, used 67082K [0x0000000760000000, 0x0000000770e80000, 0x00000007a0000000)
  object space 276992K, 24% used [0x0000000760000000,0x0000000764182838,0x0000000770e80000)
 Metaspace       used 68591K, capacity 71868K, committed 71960K, reserved 1112064K
  class space    used 9493K, capacity 10193K, committed 10264K, reserved 1048576K
Event: 12.453 GC heap after
Heap after GC invocations=16 (full 3):
 PSYoungGen      total 297984K, used 29714K [0x00000007a0000000, 0x00000007ba380000, 0x00000007c0000000)
  eden space 250880K, 0% used [0x00000007a0000000,0x00000007a0000000,0x00000007af500000)
  from space 47104K, 63% used [0x00000007af500000,0x00000007b1204af0,0x00000007b2300000)
  to   space 47616K, 0% used [0x00000007b7500000,0x00000007b7500000,0x00000007ba380000)
 ParOldGen       total 276992K, used 82433K [0x0000000760000000, 0x0000000770e80000, 0x00000007a0000000)
  object space 276992K, 29% used [0x0000000760000000,0x0000000765080620,0x0000000770e80000)
 Metaspace       used 68591K, capacity 71868K, committed 71960K, reserved 1112064K
  class space    used 9493K, capacity 10193K, committed 10264K, reserved 1048576K
}
Event: 12.999 GC heap before
{Heap before GC invocations=17 (full 3):
 PSYoungGen      total 297984K, used 280594K [0x00000007a0000000, 0x00000007ba380000, 0x00000007c0000000)
  eden space 250880K, 100% used [0x00000007a0000000,0x00000007af500000,0x00000007af500000)
  from space 47104K, 63% used [0x00000007af500000,0x00000007b1204af0,0x00000007b2300000)
  to   space 47616K, 0% used [0x00000007b7500000,0x00000007b7500000,0x00000007ba380000)
 ParOldGen       total 276992K, used 82433K [0x0000000760000000, 0x0000000770e80000, 0x00000007a0000000)
  object space 276992K, 29% used [0x0000000760000000,0x0000000765080620,0x0000000770e80000)
 Metaspace       used 68791K, capacity 72160K, committed 72472K, reserved 1112064K
  class space    used 9493K, capacity 10193K, committed 10264K, reserved 1048576K
Event: 13.029 GC heap after
Heap after GC invocations=17 (full 3):
 PSYoungGen      total 382464K, used 10764K [0x00000007a0000000, 0x00000007ba500000, 0x00000007c0000000)
  eden space 334848K, 0% used [0x00000007a0000000,0x00000007a0000000,0x00000007b4700000)
  from space 47616K, 22% used [0x00000007b7500000,0x00000007b7f831f0,0x00000007ba380000)
  to   space 47104K, 0% used [0x00000007b4700000,0x00000007b4700000,0x00000007b7500000)
 ParOldGen       total 276992K, used 103818K [0x0000000760000000, 0x0000000770e80000, 0x00000007a0000000)
  object space 276992K, 37% used [0x0000000760000000,0x00000007665628c8,0x0000000770e80000)
 Metaspace       used 68791K, capacity 72160K, committed 72472K, reserved 1112064K
  class space    used 9493K, capacity 10193K, committed 10264K, reserved 1048576K
}
Event: 13.840 GC heap before
{Heap before GC invocations=18 (full 3):
 PSYoungGen      total 382464K, used 345612K [0x00000007a0000000, 0x00000007ba500000, 0x00000007c0000000)
  eden space 334848K, 100% used [0x00000007a0000000,0x00000007b4700000,0x00000007b4700000)
  from space 47616K, 22% used [0x00000007b7500000,0x00000007b7f831f0,0x00000007ba380000)
  to   space 47104K, 0% used [0x00000007b4700000,0x00000007b4700000,0x00000007b7500000)
 ParOldGen       total 276992K, used 103818K [0x0000000760000000, 0x0000000770e80000, 0x00000007a0000000)
  object space 276992K, 37% used [0x0000000760000000,0x00000007665628c8,0x0000000770e80000)
 Metaspace       used 69015K, capacity 72324K, committed 72472K, reserved 1112064K
  class space    used 9493K, capacity 10193K, committed 10264K, reserved 1048576K

