# JRE version: OpenJDK Runtime Environment (8.0_212) (build 1.8.0_212-release-1586-b4-5784211)
# Java VM: OpenJDK 64-Bit Server VM (25.212-b4-5784211 mixed mode bsd-amd64 compressed oops)
Heap:
 PSYoungGen      total 208896K, used 34207K [0x00000007a0000000, 0x00000007b0580000, 0x00000007c0000000)
  eden space 187392K, 6% used [0x00000007a0000000,0x00000007a0c6d678,0x00000007ab700000)
  from space 21504K, 99% used [0x00000007ab700000,0x00000007acbfa650,0x00000007acc00000)
  to   space 24576K, 0% used [0x00000007aed80000,0x00000007aed80000,0x00000007b0580000)
 ParOldGen       total 276480K, used 38560K [0x0000000760000000, 0x0000000770e00000, 0x00000007a0000000)
  object space 276480K, 13% used [0x0000000760000000,0x00000007625a8260,0x0000000770e00000)
 Metaspace       used 63839K, capacity 65998K, committed 66136K, reserved 1105920K
  class space    used 8727K, capacity 9232K, committed 9344K, reserved 1048576K
GC Heap History (10 events):
Event: 4.087 GC heap before
{Heap before GC invocations=8 (full 2):
 PSYoungGen      total 155648K, used 9523K [0x00000007a0000000, 0x00000007ad280000, 0x00000007c0000000)
  eden space 142848K, 0% used [0x00000007a0000000,0x00000007a0000000,0x00000007a8b80000)
  from space 12800K, 74% used [0x00000007a9780000,0x00000007aa0cce08,0x00000007aa400000)
  to   space 12288K, 0% used [0x00000007a8b80000,0x00000007a8b80000,0x00000007a9780000)
 ParOldGen       total 112640K, used 11508K [0x0000000760000000, 0x0000000766e00000, 0x00000007a0000000)
  object space 112640K, 10% used [0x0000000760000000,0x0000000760b3d2e8,0x0000000766e00000)
 Metaspace       used 34552K, capacity 35312K, committed 35416K, reserved 1079296K
  class space    used 4765K, capacity 4967K, committed 4992K, reserved 1048576K
Event: 4.161 GC heap after
Heap after GC invocations=8 (full 2):
 PSYoungGen      total 155648K, used 0K [0x00000007a0000000, 0x00000007ad280000, 0x00000007c0000000)
  eden space 142848K, 0% used [0x00000007a0000000,0x00000007a0000000,0x00000007a8b80000)
  from space 12800K, 0% used [0x00000007a9780000,0x00000007a9780000,0x00000007aa400000)
  to   space 12288K, 0% used [0x00000007a8b80000,0x00000007a8b80000,0x00000007a9780000)
 ParOldGen       total 180736K, used 16209K [0x0000000760000000, 0x000000076b080000, 0x00000007a0000000)
  object space 180736K, 8% used [0x0000000760000000,0x0000000760fd4650,0x000000076b080000)
 Metaspace       used 34536K, capacity 35258K, committed 35416K, reserved 1079296K
  class space    used 4760K, capacity 4958K, committed 4992K, reserved 1048576K
}
Event: 5.863 GC heap before
{Heap before GC invocations=9 (full 2):
 PSYoungGen      total 155648K, used 142848K [0x00000007a0000000, 0x00000007ad280000, 0x00000007c0000000)
  eden space 142848K, 100% used [0x00000007a0000000,0x00000007a8b80000,0x00000007a8b80000)
  from space 12800K, 0% used [0x00000007a9780000,0x00000007a9780000,0x00000007aa400000)
  to   space 12288K, 0% used [0x00000007a8b80000,0x00000007a8b80000,0x00000007a9780000)
 ParOldGen       total 180736K, used 16209K [0x0000000760000000, 0x000000076b080000, 0x00000007a0000000)
  object space 180736K, 8% used [0x0000000760000000,0x0000000760fd4650,0x000000076b080000)
 Metaspace       used 48275K, capacity 49600K, committed 49880K, reserved 1091584K
  class space    used 6492K, capacity 6823K, committed 6912K, reserved 1048576K
Event: 5.879 GC heap after
Heap after GC invocations=9 (full 2):
 PSYoungGen      total 155136K, used 12280K [0x00000007a0000000, 0x00000007adc00000, 0x00000007c0000000)
  eden space 142848K, 0% used [0x00000007a0000000,0x00000007a0000000,0x00000007a8b80000)
  from space 12288K, 99% used [0x00000007a8b80000,0x00000007a977e3f8,0x00000007a9780000)
  to   space 16384K, 0% used [0x00000007acc00000,0x00000007acc00000,0x00000007adc00000)
 ParOldGen       total 180736K, used 21534K [0x0000000760000000, 0x000000076b080000, 0x00000007a0000000)
  object space 180736K, 11% used [0x0000000760000000,0x0000000761507890,0x000000076b080000)
 Metaspace       used 48275K, capacity 49600K, committed 49880K, reserved 1091584K
  class space    used 6492K, capacity 6823K, committed 6912K, reserved 1048576K
}
Event: 7.526 GC heap before
{Heap before GC invocations=10 (full 2):
 PSYoungGen      total 155136K, used 151033K [0x00000007a0000000, 0x00000007adc00000, 0x00000007c0000000)
  eden space 142848K, 97% used [0x00000007a0000000,0x00000007a8780400,0x00000007a8b80000)
  from space 12288K, 99% used [0x00000007a8b80000,0x00000007a977e3f8,0x00000007a9780000)
  to   space 16384K, 0% used [0x00000007acc00000,0x00000007acc00000,0x00000007adc00000)
 ParOldGen       total 180736K, used 21534K [0x0000000760000000, 0x000000076b080000, 0x00000007a0000000)
  object space 180736K, 11% used [0x0000000760000000,0x0000000761507890,0x000000076b080000)
 Metaspace       used 56987K, capacity 58906K, committed 59028K, reserved 1099776K
  class space    used 7905K, capacity 8346K, committed 8448K, reserved 1048576K
Event: 7.550 GC heap after
Heap after GC invocations=10 (full 2):
 PSYoungGen      total 203776K, used 16364K [0x00000007a0000000, 0x00000007ae680000, 0x00000007c0000000)
  eden space 187392K, 0% used [0x00000007a0000000,0x00000007a0000000,0x00000007ab700000)
  from space 16384K, 99% used [0x00000007acc00000,0x00000007adbfb320,0x00000007adc00000)
  to   space 21504K, 0% used [0x00000007ab700000,0x00000007ab700000,0x00000007acc00000)
 ParOldGen       total 180736K, used 28422K [0x0000000760000000, 0x000000076b080000, 0x00000007a0000000)
  object space 180736K, 15% used [0x0000000760000000,0x0000000761bc1ae8,0x000000076b080000)
 Metaspace       used 56987K, capacity 58906K, committed 59028K, reserved 1099776K
  class space    used 7905K, capacity 8346K, committed 8448K, reserved 1048576K
}
Event: 7.550 GC heap before
{Heap before GC invocations=11 (full 3):
 PSYoungGen      total 203776K, used 16364K [0x00000007a0000000, 0x00000007ae680000, 0x00000007c0000000)
  eden space 187392K, 0% used [0x00000007a0000000,0x00000007a0000000,0x00000007ab700000)
  from space 16384K, 99% used [0x00000007acc00000,0x00000007adbfb320,0x00000007adc00000)
  to   space 21504K, 0% used [0x00000007ab700000,0x00000007ab700000,0x00000007acc00000)
 ParOldGen       total 180736K, used 28422K [0x0000000760000000, 0x000000076b080000, 0x00000007a0000000)
  object space 180736K, 15% used [0x0000000760000000,0x0000000761bc1ae8,0x000000076b080000)
 Metaspace       used 56987K, capacity 58906K, committed 59028K, reserved 1099776K
  class space    used 7905K, capacity 8346K, committed 8448K, reserved 1048576K
Event: 7.727 GC heap after
Heap after GC invocations=11 (full 3):
 PSYoungGen      total 203776K, used 0K [0x00000007a0000000, 0x00000007ae680000, 0x00000007c0000000)
  eden space 187392K, 0% used [0x00000007a0000000,0x00000007a0000000,0x00000007ab700000)
  from space 16384K, 0% used [0x00000007acc00000,0x00000007acc00000,0x00000007adc00000)
  to   space 21504K, 0% used [0x00000007ab700000,0x00000007ab700000,0x00000007acc00000)
 ParOldGen       total 276480K, used 37315K [0x0000000760000000, 0x0000000770e00000, 0x00000007a0000000)
  object space 276480K, 13% used [0x0000000760000000,0x0000000762470e38,0x0000000770e00000)
 Metaspace       used 56899K, capacity 58670K, committed 59028K, reserved 1099776K
  class space    used 7876K, capacity 8294K, committed 8448K, reserved 1048576K
}
Event: 10.239 GC heap before
{Heap before GC invocations=12 (full 3):
 PSYoungGen      total 203776K, used 187392K [0x00000007a0000000, 0x00000007ae680000, 0x00000007c0000000)
  eden space 187392K, 100% used [0x00000007a0000000,0x00000007ab700000,0x00000007ab700000)
  from space 16384K, 0% used [0x00000007acc00000,0x00000007acc00000,0x00000007adc00000)
  to   space 21504K, 0% used [0x00000007ab700000,0x00000007ab700000,0x00000007acc00000)
 ParOldGen       total 276480K, used 37315K [0x0000000760000000, 0x0000000770e00000, 0x00000007a0000000)
  object space 276480K, 13% used [0x0000000760000000,0x0000000762470e38,0x0000000770e00000)
 Metaspace       used 63814K, capacity 65998K, committed 66136K, reserved 1105920K
  class space    used 8720K, capacity 9232K, committed 9344K, reserved 1048576K
Event: 10.265 GC heap after
Heap after GC invocations=12 (full 3):
 PSYoungGen      total 208896K, used 21481K [0x00000007a0000000, 0x00000007b0580000, 0x00000007c0000000)
  eden space 187392K, 0% used [0x00000007a0000000,0x00000007a0000000,0x00000007ab700000)
  from space 21504K, 99% used [0x00000007ab700000,0x00000007acbfa650,0x00000007acc00000)
  to   space 24576K, 0% used [0x00000007aed80000,0x00000007aed80000,0x00000007b0580000)
 ParOldGen       total 276480K, used 38560K [0x0000000760000000, 0x0000000770e00000, 0x00000007a0000000)
  object space 276480K, 13% used [0x0000000760000000,0x00000007625a8260,0x0000000770e00000)
 Metaspace       used 63814K, capacity 65998K, committed 66136K, reserved 1105920K
  class space    used 8720K, capacity 9232K, committed 9344K, reserved 1048576K
}

